Determining if the pthread_create exist failed with the following output:
Change Dir: /home/adminuser/ws_moveit3/build/ur_description/CMakeFiles/CMakeTmp

Run Build Command:"/usr/bin/make" "cmTC_4d76f/fast"
/usr/bin/make -f CMakeFiles/cmTC_4d76f.dir/build.make CMakeFiles/cmTC_4d76f.dir/build
make[1]: Entering directory '/home/adminuser/ws_moveit3/build/ur_description/CMakeFiles/CMakeTmp'
Building C object CMakeFiles/cmTC_4d76f.dir/CheckSymbolExists.c.o
/usr/bin/cc    -o CMakeFiles/cmTC_4d76f.dir/CheckSymbolExists.c.o   -c /home/adminuser/ws_moveit3/build/ur_description/CMakeFiles/CMakeTmp/CheckSymbolExists.c
Linking C executable cmTC_4d76f
/usr/bin/cmake -E cmake_link_script CMakeFiles/cmTC_4d76f.dir/link.txt --verbose=1
/usr/bin/cc      -rdynamic CMakeFiles/cmTC_4d76f.dir/CheckSymbolExists.c.o  -o cmTC_4d76f 
CMakeFiles/cmTC_4d76f.dir/CheckSymbolExists.c.o: In function `main':
CheckSymbolExists.c:(.text+0x1b): undefined reference to `pthread_create'
collect2: error: ld returned 1 exit status
CMakeFiles/cmTC_4d76f.dir/build.make:97: recipe for target 'cmTC_4d76f' failed
make[1]: *** [cmTC_4d76f] Error 1
make[1]: Leaving directory '/home/adminuser/ws_moveit3/build/ur_description/CMakeFiles/CMakeTmp'
Makefile:126: recipe for target 'cmTC_4d76f/fast' failed
make: *** [cmTC_4d76f/fast] Error 2

File /home/adminuser/ws_moveit3/build/ur_description/CMakeFiles/CMakeTmp/CheckSymbolExists.c:
/* */
#include <pthread.h>

int main(int argc, char** argv)
{
  (void)argv;
#ifndef pthread_create
  return ((int*)(&pthread_create))[argc];
#else
  (void)argc;
  return 0;
#endif
}

Determining if the function pthread_create exists in the pthreads failed with the following output:
Change Dir: /home/adminuser/ws_moveit3/build/ur_description/CMakeFiles/CMakeTmp

Run Build Command:"/usr/bin/make" "cmTC_5896f/fast"
/usr/bin/make -f CMakeFiles/cmTC_5896f.dir/build.make CMakeFiles/cmTC_5896f.dir/build
make[1]: Entering directory '/home/adminuser/ws_moveit3/build/ur_description/CMakeFiles/CMakeTmp'
Building C object CMakeFiles/cmTC_5896f.dir/CheckFunctionExists.c.o
/usr/bin/cc   -DCHECK_FUNCTION_EXISTS=pthread_create   -o CMakeFiles/cmTC_5896f.dir/CheckFunctionExists.c.o   -c /usr/share/cmake-3.10/Modules/CheckFunctionExists.c
Linking C executable cmTC_5896f
/usr/bin/cmake -E cmake_link_script CMakeFiles/cmTC_5896f.dir/link.txt --verbose=1
/usr/bin/cc  -DCHECK_FUNCTION_EXISTS=pthread_create    -rdynamic CMakeFiles/cmTC_5896f.dir/CheckFunctionExists.c.o  -o cmTC_5896f -lpthreads 
/usr/bin/ld: cannot find -lpthreads
collect2: error: ld returned 1 exit status
CMakeFiles/cmTC_5896f.dir/build.make:97: recipe for target 'cmTC_5896f' failed
make[1]: *** [cmTC_5896f] Error 1
make[1]: Leaving directory '/home/adminuser/ws_moveit3/build/ur_description/CMakeFiles/CMakeTmp'
Makefile:126: recipe for target 'cmTC_5896f/fast' failed
make: *** [cmTC_5896f/fast] Error 2


