Determining if the pthread_create exist failed with the following output:
Change Dir: /home/adminuser/ws_moveit3/build/ur_msgs/CMakeFiles/CMakeTmp

Run Build Command:"/usr/bin/make" "cmTC_258ac/fast"
/usr/bin/make -f CMakeFiles/cmTC_258ac.dir/build.make CMakeFiles/cmTC_258ac.dir/build
make[1]: Entering directory '/home/adminuser/ws_moveit3/build/ur_msgs/CMakeFiles/CMakeTmp'
Building C object CMakeFiles/cmTC_258ac.dir/CheckSymbolExists.c.o
/usr/bin/cc    -o CMakeFiles/cmTC_258ac.dir/CheckSymbolExists.c.o   -c /home/adminuser/ws_moveit3/build/ur_msgs/CMakeFiles/CMakeTmp/CheckSymbolExists.c
Linking C executable cmTC_258ac
/usr/bin/cmake -E cmake_link_script CMakeFiles/cmTC_258ac.dir/link.txt --verbose=1
/usr/bin/cc      -rdynamic CMakeFiles/cmTC_258ac.dir/CheckSymbolExists.c.o  -o cmTC_258ac 
CMakeFiles/cmTC_258ac.dir/CheckSymbolExists.c.o: In function `main':
CheckSymbolExists.c:(.text+0x1b): undefined reference to `pthread_create'
collect2: error: ld returned 1 exit status
CMakeFiles/cmTC_258ac.dir/build.make:97: recipe for target 'cmTC_258ac' failed
make[1]: *** [cmTC_258ac] Error 1
make[1]: Leaving directory '/home/adminuser/ws_moveit3/build/ur_msgs/CMakeFiles/CMakeTmp'
Makefile:126: recipe for target 'cmTC_258ac/fast' failed
make: *** [cmTC_258ac/fast] Error 2

File /home/adminuser/ws_moveit3/build/ur_msgs/CMakeFiles/CMakeTmp/CheckSymbolExists.c:
/* */
#include <pthread.h>

int main(int argc, char** argv)
{
  (void)argv;
#ifndef pthread_create
  return ((int*)(&pthread_create))[argc];
#else
  (void)argc;
  return 0;
#endif
}

Determining if the function pthread_create exists in the pthreads failed with the following output:
Change Dir: /home/adminuser/ws_moveit3/build/ur_msgs/CMakeFiles/CMakeTmp

Run Build Command:"/usr/bin/make" "cmTC_6465f/fast"
/usr/bin/make -f CMakeFiles/cmTC_6465f.dir/build.make CMakeFiles/cmTC_6465f.dir/build
make[1]: Entering directory '/home/adminuser/ws_moveit3/build/ur_msgs/CMakeFiles/CMakeTmp'
Building C object CMakeFiles/cmTC_6465f.dir/CheckFunctionExists.c.o
/usr/bin/cc   -DCHECK_FUNCTION_EXISTS=pthread_create   -o CMakeFiles/cmTC_6465f.dir/CheckFunctionExists.c.o   -c /usr/share/cmake-3.10/Modules/CheckFunctionExists.c
Linking C executable cmTC_6465f
/usr/bin/cmake -E cmake_link_script CMakeFiles/cmTC_6465f.dir/link.txt --verbose=1
/usr/bin/cc  -DCHECK_FUNCTION_EXISTS=pthread_create    -rdynamic CMakeFiles/cmTC_6465f.dir/CheckFunctionExists.c.o  -o cmTC_6465f -lpthreads 
/usr/bin/ld: cannot find -lpthreads
collect2: error: ld returned 1 exit status
CMakeFiles/cmTC_6465f.dir/build.make:97: recipe for target 'cmTC_6465f' failed
make[1]: *** [cmTC_6465f] Error 1
make[1]: Leaving directory '/home/adminuser/ws_moveit3/build/ur_msgs/CMakeFiles/CMakeTmp'
Makefile:126: recipe for target 'cmTC_6465f/fast' failed
make: *** [cmTC_6465f/fast] Error 2


