Determining if the pthread_create exist failed with the following output:
Change Dir: /home/adminuser/ws_moveit3/build/industrial_msgs/CMakeFiles/CMakeTmp

Run Build Command:"/usr/bin/make" "cmTC_ae68c/fast"
/usr/bin/make -f CMakeFiles/cmTC_ae68c.dir/build.make CMakeFiles/cmTC_ae68c.dir/build
make[1]: Entering directory '/home/adminuser/ws_moveit3/build/industrial_msgs/CMakeFiles/CMakeTmp'
Building C object CMakeFiles/cmTC_ae68c.dir/CheckSymbolExists.c.o
/usr/bin/cc    -o CMakeFiles/cmTC_ae68c.dir/CheckSymbolExists.c.o   -c /home/adminuser/ws_moveit3/build/industrial_msgs/CMakeFiles/CMakeTmp/CheckSymbolExists.c
Linking C executable cmTC_ae68c
/usr/bin/cmake -E cmake_link_script CMakeFiles/cmTC_ae68c.dir/link.txt --verbose=1
/usr/bin/cc      -rdynamic CMakeFiles/cmTC_ae68c.dir/CheckSymbolExists.c.o  -o cmTC_ae68c 
CMakeFiles/cmTC_ae68c.dir/CheckSymbolExists.c.o: In function `main':
CheckSymbolExists.c:(.text+0x1b): undefined reference to `pthread_create'
collect2: error: ld returned 1 exit status
CMakeFiles/cmTC_ae68c.dir/build.make:97: recipe for target 'cmTC_ae68c' failed
make[1]: *** [cmTC_ae68c] Error 1
make[1]: Leaving directory '/home/adminuser/ws_moveit3/build/industrial_msgs/CMakeFiles/CMakeTmp'
Makefile:126: recipe for target 'cmTC_ae68c/fast' failed
make: *** [cmTC_ae68c/fast] Error 2

File /home/adminuser/ws_moveit3/build/industrial_msgs/CMakeFiles/CMakeTmp/CheckSymbolExists.c:
/* */
#include <pthread.h>

int main(int argc, char** argv)
{
  (void)argv;
#ifndef pthread_create
  return ((int*)(&pthread_create))[argc];
#else
  (void)argc;
  return 0;
#endif
}

Determining if the function pthread_create exists in the pthreads failed with the following output:
Change Dir: /home/adminuser/ws_moveit3/build/industrial_msgs/CMakeFiles/CMakeTmp

Run Build Command:"/usr/bin/make" "cmTC_8d8db/fast"
/usr/bin/make -f CMakeFiles/cmTC_8d8db.dir/build.make CMakeFiles/cmTC_8d8db.dir/build
make[1]: Entering directory '/home/adminuser/ws_moveit3/build/industrial_msgs/CMakeFiles/CMakeTmp'
Building C object CMakeFiles/cmTC_8d8db.dir/CheckFunctionExists.c.o
/usr/bin/cc   -DCHECK_FUNCTION_EXISTS=pthread_create   -o CMakeFiles/cmTC_8d8db.dir/CheckFunctionExists.c.o   -c /usr/share/cmake-3.10/Modules/CheckFunctionExists.c
Linking C executable cmTC_8d8db
/usr/bin/cmake -E cmake_link_script CMakeFiles/cmTC_8d8db.dir/link.txt --verbose=1
/usr/bin/cc  -DCHECK_FUNCTION_EXISTS=pthread_create    -rdynamic CMakeFiles/cmTC_8d8db.dir/CheckFunctionExists.c.o  -o cmTC_8d8db -lpthreads 
/usr/bin/ld: cannot find -lpthreads
collect2: error: ld returned 1 exit status
CMakeFiles/cmTC_8d8db.dir/build.make:97: recipe for target 'cmTC_8d8db' failed
make[1]: *** [cmTC_8d8db] Error 1
make[1]: Leaving directory '/home/adminuser/ws_moveit3/build/industrial_msgs/CMakeFiles/CMakeTmp'
Makefile:126: recipe for target 'cmTC_8d8db/fast' failed
make: *** [cmTC_8d8db/fast] Error 2


