Determining if the pthread_create exist failed with the following output:
Change Dir: /home/adminuser/ws_moveit3/build/myur5_moveit_config/CMakeFiles/CMakeTmp

Run Build Command:"/usr/bin/make" "cmTC_006b9/fast"
/usr/bin/make -f CMakeFiles/cmTC_006b9.dir/build.make CMakeFiles/cmTC_006b9.dir/build
make[1]: Entering directory '/home/adminuser/ws_moveit3/build/myur5_moveit_config/CMakeFiles/CMakeTmp'
Building C object CMakeFiles/cmTC_006b9.dir/CheckSymbolExists.c.o
/usr/bin/cc    -o CMakeFiles/cmTC_006b9.dir/CheckSymbolExists.c.o   -c /home/adminuser/ws_moveit3/build/myur5_moveit_config/CMakeFiles/CMakeTmp/CheckSymbolExists.c
Linking C executable cmTC_006b9
/usr/bin/cmake -E cmake_link_script CMakeFiles/cmTC_006b9.dir/link.txt --verbose=1
/usr/bin/cc      -rdynamic CMakeFiles/cmTC_006b9.dir/CheckSymbolExists.c.o  -o cmTC_006b9 
CMakeFiles/cmTC_006b9.dir/CheckSymbolExists.c.o: In function `main':
CheckSymbolExists.c:(.text+0x1b): undefined reference to `pthread_create'
collect2: error: ld returned 1 exit status
CMakeFiles/cmTC_006b9.dir/build.make:97: recipe for target 'cmTC_006b9' failed
make[1]: *** [cmTC_006b9] Error 1
make[1]: Leaving directory '/home/adminuser/ws_moveit3/build/myur5_moveit_config/CMakeFiles/CMakeTmp'
Makefile:126: recipe for target 'cmTC_006b9/fast' failed
make: *** [cmTC_006b9/fast] Error 2

File /home/adminuser/ws_moveit3/build/myur5_moveit_config/CMakeFiles/CMakeTmp/CheckSymbolExists.c:
/* */
#include <pthread.h>

int main(int argc, char** argv)
{
  (void)argv;
#ifndef pthread_create
  return ((int*)(&pthread_create))[argc];
#else
  (void)argc;
  return 0;
#endif
}

Determining if the function pthread_create exists in the pthreads failed with the following output:
Change Dir: /home/adminuser/ws_moveit3/build/myur5_moveit_config/CMakeFiles/CMakeTmp

Run Build Command:"/usr/bin/make" "cmTC_bba60/fast"
/usr/bin/make -f CMakeFiles/cmTC_bba60.dir/build.make CMakeFiles/cmTC_bba60.dir/build
make[1]: Entering directory '/home/adminuser/ws_moveit3/build/myur5_moveit_config/CMakeFiles/CMakeTmp'
Building C object CMakeFiles/cmTC_bba60.dir/CheckFunctionExists.c.o
/usr/bin/cc   -DCHECK_FUNCTION_EXISTS=pthread_create   -o CMakeFiles/cmTC_bba60.dir/CheckFunctionExists.c.o   -c /usr/share/cmake-3.10/Modules/CheckFunctionExists.c
Linking C executable cmTC_bba60
/usr/bin/cmake -E cmake_link_script CMakeFiles/cmTC_bba60.dir/link.txt --verbose=1
/usr/bin/cc  -DCHECK_FUNCTION_EXISTS=pthread_create    -rdynamic CMakeFiles/cmTC_bba60.dir/CheckFunctionExists.c.o  -o cmTC_bba60 -lpthreads 
/usr/bin/ld: cannot find -lpthreads
collect2: error: ld returned 1 exit status
CMakeFiles/cmTC_bba60.dir/build.make:97: recipe for target 'cmTC_bba60' failed
make[1]: *** [cmTC_bba60] Error 1
make[1]: Leaving directory '/home/adminuser/ws_moveit3/build/myur5_moveit_config/CMakeFiles/CMakeTmp'
Makefile:126: recipe for target 'cmTC_bba60/fast' failed
make: *** [cmTC_bba60/fast] Error 2


