Determining if the pthread_create exist failed with the following output:
Change Dir: /home/adminuser/ws_moveit3/build/simple_message/CMakeFiles/CMakeTmp

Run Build Command:"/usr/bin/make" "cmTC_e8521/fast"
/usr/bin/make -f CMakeFiles/cmTC_e8521.dir/build.make CMakeFiles/cmTC_e8521.dir/build
make[1]: Entering directory '/home/adminuser/ws_moveit3/build/simple_message/CMakeFiles/CMakeTmp'
Building C object CMakeFiles/cmTC_e8521.dir/CheckSymbolExists.c.o
/usr/bin/cc    -o CMakeFiles/cmTC_e8521.dir/CheckSymbolExists.c.o   -c /home/adminuser/ws_moveit3/build/simple_message/CMakeFiles/CMakeTmp/CheckSymbolExists.c
Linking C executable cmTC_e8521
/usr/bin/cmake -E cmake_link_script CMakeFiles/cmTC_e8521.dir/link.txt --verbose=1
/usr/bin/cc      -rdynamic CMakeFiles/cmTC_e8521.dir/CheckSymbolExists.c.o  -o cmTC_e8521 
CMakeFiles/cmTC_e8521.dir/CheckSymbolExists.c.o: In function `main':
CheckSymbolExists.c:(.text+0x1b): undefined reference to `pthread_create'
collect2: error: ld returned 1 exit status
CMakeFiles/cmTC_e8521.dir/build.make:97: recipe for target 'cmTC_e8521' failed
make[1]: *** [cmTC_e8521] Error 1
make[1]: Leaving directory '/home/adminuser/ws_moveit3/build/simple_message/CMakeFiles/CMakeTmp'
Makefile:126: recipe for target 'cmTC_e8521/fast' failed
make: *** [cmTC_e8521/fast] Error 2

File /home/adminuser/ws_moveit3/build/simple_message/CMakeFiles/CMakeTmp/CheckSymbolExists.c:
/* */
#include <pthread.h>

int main(int argc, char** argv)
{
  (void)argv;
#ifndef pthread_create
  return ((int*)(&pthread_create))[argc];
#else
  (void)argc;
  return 0;
#endif
}

Determining if the function pthread_create exists in the pthreads failed with the following output:
Change Dir: /home/adminuser/ws_moveit3/build/simple_message/CMakeFiles/CMakeTmp

Run Build Command:"/usr/bin/make" "cmTC_0a920/fast"
/usr/bin/make -f CMakeFiles/cmTC_0a920.dir/build.make CMakeFiles/cmTC_0a920.dir/build
make[1]: Entering directory '/home/adminuser/ws_moveit3/build/simple_message/CMakeFiles/CMakeTmp'
Building C object CMakeFiles/cmTC_0a920.dir/CheckFunctionExists.c.o
/usr/bin/cc   -DCHECK_FUNCTION_EXISTS=pthread_create   -o CMakeFiles/cmTC_0a920.dir/CheckFunctionExists.c.o   -c /usr/share/cmake-3.10/Modules/CheckFunctionExists.c
Linking C executable cmTC_0a920
/usr/bin/cmake -E cmake_link_script CMakeFiles/cmTC_0a920.dir/link.txt --verbose=1
/usr/bin/cc  -DCHECK_FUNCTION_EXISTS=pthread_create    -rdynamic CMakeFiles/cmTC_0a920.dir/CheckFunctionExists.c.o  -o cmTC_0a920 -lpthreads 
/usr/bin/ld: cannot find -lpthreads
collect2: error: ld returned 1 exit status
CMakeFiles/cmTC_0a920.dir/build.make:97: recipe for target 'cmTC_0a920' failed
make[1]: *** [cmTC_0a920] Error 1
make[1]: Leaving directory '/home/adminuser/ws_moveit3/build/simple_message/CMakeFiles/CMakeTmp'
Makefile:126: recipe for target 'cmTC_0a920/fast' failed
make: *** [cmTC_0a920/fast] Error 2


