Determining if the pthread_create exist failed with the following output:
Change Dir: /home/adminuser/ws_moveit3/build/ur_e_gazebo/CMakeFiles/CMakeTmp

Run Build Command:"/usr/bin/make" "cmTC_5073e/fast"
/usr/bin/make -f CMakeFiles/cmTC_5073e.dir/build.make CMakeFiles/cmTC_5073e.dir/build
make[1]: Entering directory '/home/adminuser/ws_moveit3/build/ur_e_gazebo/CMakeFiles/CMakeTmp'
Building C object CMakeFiles/cmTC_5073e.dir/CheckSymbolExists.c.o
/usr/bin/cc    -o CMakeFiles/cmTC_5073e.dir/CheckSymbolExists.c.o   -c /home/adminuser/ws_moveit3/build/ur_e_gazebo/CMakeFiles/CMakeTmp/CheckSymbolExists.c
Linking C executable cmTC_5073e
/usr/bin/cmake -E cmake_link_script CMakeFiles/cmTC_5073e.dir/link.txt --verbose=1
/usr/bin/cc      -rdynamic CMakeFiles/cmTC_5073e.dir/CheckSymbolExists.c.o  -o cmTC_5073e 
CMakeFiles/cmTC_5073e.dir/CheckSymbolExists.c.o: In function `main':
CheckSymbolExists.c:(.text+0x1b): undefined reference to `pthread_create'
collect2: error: ld returned 1 exit status
CMakeFiles/cmTC_5073e.dir/build.make:97: recipe for target 'cmTC_5073e' failed
make[1]: *** [cmTC_5073e] Error 1
make[1]: Leaving directory '/home/adminuser/ws_moveit3/build/ur_e_gazebo/CMakeFiles/CMakeTmp'
Makefile:126: recipe for target 'cmTC_5073e/fast' failed
make: *** [cmTC_5073e/fast] Error 2

File /home/adminuser/ws_moveit3/build/ur_e_gazebo/CMakeFiles/CMakeTmp/CheckSymbolExists.c:
/* */
#include <pthread.h>

int main(int argc, char** argv)
{
  (void)argv;
#ifndef pthread_create
  return ((int*)(&pthread_create))[argc];
#else
  (void)argc;
  return 0;
#endif
}

Determining if the function pthread_create exists in the pthreads failed with the following output:
Change Dir: /home/adminuser/ws_moveit3/build/ur_e_gazebo/CMakeFiles/CMakeTmp

Run Build Command:"/usr/bin/make" "cmTC_12b5d/fast"
/usr/bin/make -f CMakeFiles/cmTC_12b5d.dir/build.make CMakeFiles/cmTC_12b5d.dir/build
make[1]: Entering directory '/home/adminuser/ws_moveit3/build/ur_e_gazebo/CMakeFiles/CMakeTmp'
Building C object CMakeFiles/cmTC_12b5d.dir/CheckFunctionExists.c.o
/usr/bin/cc   -DCHECK_FUNCTION_EXISTS=pthread_create   -o CMakeFiles/cmTC_12b5d.dir/CheckFunctionExists.c.o   -c /usr/share/cmake-3.10/Modules/CheckFunctionExists.c
Linking C executable cmTC_12b5d
/usr/bin/cmake -E cmake_link_script CMakeFiles/cmTC_12b5d.dir/link.txt --verbose=1
/usr/bin/cc  -DCHECK_FUNCTION_EXISTS=pthread_create    -rdynamic CMakeFiles/cmTC_12b5d.dir/CheckFunctionExists.c.o  -o cmTC_12b5d -lpthreads 
/usr/bin/ld: cannot find -lpthreads
collect2: error: ld returned 1 exit status
CMakeFiles/cmTC_12b5d.dir/build.make:97: recipe for target 'cmTC_12b5d' failed
make[1]: *** [cmTC_12b5d] Error 1
make[1]: Leaving directory '/home/adminuser/ws_moveit3/build/ur_e_gazebo/CMakeFiles/CMakeTmp'
Makefile:126: recipe for target 'cmTC_12b5d/fast' failed
make: *** [cmTC_12b5d/fast] Error 2


