Determining if the pthread_create exist failed with the following output:
Change Dir: /home/adminuser/ws_moveit3/build/manequin_description/CMakeFiles/CMakeTmp

Run Build Command:"/usr/bin/make" "cmTC_3f2d0/fast"
/usr/bin/make -f CMakeFiles/cmTC_3f2d0.dir/build.make CMakeFiles/cmTC_3f2d0.dir/build
make[1]: Entering directory '/home/adminuser/ws_moveit3/build/manequin_description/CMakeFiles/CMakeTmp'
Building C object CMakeFiles/cmTC_3f2d0.dir/CheckSymbolExists.c.o
/usr/bin/cc    -o CMakeFiles/cmTC_3f2d0.dir/CheckSymbolExists.c.o   -c /home/adminuser/ws_moveit3/build/manequin_description/CMakeFiles/CMakeTmp/CheckSymbolExists.c
Linking C executable cmTC_3f2d0
/usr/bin/cmake -E cmake_link_script CMakeFiles/cmTC_3f2d0.dir/link.txt --verbose=1
/usr/bin/cc      -rdynamic CMakeFiles/cmTC_3f2d0.dir/CheckSymbolExists.c.o  -o cmTC_3f2d0 
CMakeFiles/cmTC_3f2d0.dir/CheckSymbolExists.c.o: In function `main':
CheckSymbolExists.c:(.text+0x1b): undefined reference to `pthread_create'
collect2: error: ld returned 1 exit status
CMakeFiles/cmTC_3f2d0.dir/build.make:97: recipe for target 'cmTC_3f2d0' failed
make[1]: *** [cmTC_3f2d0] Error 1
make[1]: Leaving directory '/home/adminuser/ws_moveit3/build/manequin_description/CMakeFiles/CMakeTmp'
Makefile:126: recipe for target 'cmTC_3f2d0/fast' failed
make: *** [cmTC_3f2d0/fast] Error 2

File /home/adminuser/ws_moveit3/build/manequin_description/CMakeFiles/CMakeTmp/CheckSymbolExists.c:
/* */
#include <pthread.h>

int main(int argc, char** argv)
{
  (void)argv;
#ifndef pthread_create
  return ((int*)(&pthread_create))[argc];
#else
  (void)argc;
  return 0;
#endif
}

Determining if the function pthread_create exists in the pthreads failed with the following output:
Change Dir: /home/adminuser/ws_moveit3/build/manequin_description/CMakeFiles/CMakeTmp

Run Build Command:"/usr/bin/make" "cmTC_e16bb/fast"
/usr/bin/make -f CMakeFiles/cmTC_e16bb.dir/build.make CMakeFiles/cmTC_e16bb.dir/build
make[1]: Entering directory '/home/adminuser/ws_moveit3/build/manequin_description/CMakeFiles/CMakeTmp'
Building C object CMakeFiles/cmTC_e16bb.dir/CheckFunctionExists.c.o
/usr/bin/cc   -DCHECK_FUNCTION_EXISTS=pthread_create   -o CMakeFiles/cmTC_e16bb.dir/CheckFunctionExists.c.o   -c /usr/share/cmake-3.10/Modules/CheckFunctionExists.c
Linking C executable cmTC_e16bb
/usr/bin/cmake -E cmake_link_script CMakeFiles/cmTC_e16bb.dir/link.txt --verbose=1
/usr/bin/cc  -DCHECK_FUNCTION_EXISTS=pthread_create    -rdynamic CMakeFiles/cmTC_e16bb.dir/CheckFunctionExists.c.o  -o cmTC_e16bb -lpthreads 
/usr/bin/ld: cannot find -lpthreads
collect2: error: ld returned 1 exit status
CMakeFiles/cmTC_e16bb.dir/build.make:97: recipe for target 'cmTC_e16bb' failed
make[1]: *** [cmTC_e16bb] Error 1
make[1]: Leaving directory '/home/adminuser/ws_moveit3/build/manequin_description/CMakeFiles/CMakeTmp'
Makefile:126: recipe for target 'cmTC_e16bb/fast' failed
make: *** [cmTC_e16bb/fast] Error 2


