Determining if the pthread_create exist failed with the following output:
Change Dir: /home/adminuser/ws_moveit3/build/ur_e_description/CMakeFiles/CMakeTmp

Run Build Command:"/usr/bin/make" "cmTC_23d36/fast"
/usr/bin/make -f CMakeFiles/cmTC_23d36.dir/build.make CMakeFiles/cmTC_23d36.dir/build
make[1]: Entering directory '/home/adminuser/ws_moveit3/build/ur_e_description/CMakeFiles/CMakeTmp'
Building C object CMakeFiles/cmTC_23d36.dir/CheckSymbolExists.c.o
/usr/bin/cc    -o CMakeFiles/cmTC_23d36.dir/CheckSymbolExists.c.o   -c /home/adminuser/ws_moveit3/build/ur_e_description/CMakeFiles/CMakeTmp/CheckSymbolExists.c
Linking C executable cmTC_23d36
/usr/bin/cmake -E cmake_link_script CMakeFiles/cmTC_23d36.dir/link.txt --verbose=1
/usr/bin/cc      -rdynamic CMakeFiles/cmTC_23d36.dir/CheckSymbolExists.c.o  -o cmTC_23d36 
CMakeFiles/cmTC_23d36.dir/CheckSymbolExists.c.o: In function `main':
CheckSymbolExists.c:(.text+0x1b): undefined reference to `pthread_create'
collect2: error: ld returned 1 exit status
CMakeFiles/cmTC_23d36.dir/build.make:97: recipe for target 'cmTC_23d36' failed
make[1]: *** [cmTC_23d36] Error 1
make[1]: Leaving directory '/home/adminuser/ws_moveit3/build/ur_e_description/CMakeFiles/CMakeTmp'
Makefile:126: recipe for target 'cmTC_23d36/fast' failed
make: *** [cmTC_23d36/fast] Error 2

File /home/adminuser/ws_moveit3/build/ur_e_description/CMakeFiles/CMakeTmp/CheckSymbolExists.c:
/* */
#include <pthread.h>

int main(int argc, char** argv)
{
  (void)argv;
#ifndef pthread_create
  return ((int*)(&pthread_create))[argc];
#else
  (void)argc;
  return 0;
#endif
}

Determining if the function pthread_create exists in the pthreads failed with the following output:
Change Dir: /home/adminuser/ws_moveit3/build/ur_e_description/CMakeFiles/CMakeTmp

Run Build Command:"/usr/bin/make" "cmTC_0b72a/fast"
/usr/bin/make -f CMakeFiles/cmTC_0b72a.dir/build.make CMakeFiles/cmTC_0b72a.dir/build
make[1]: Entering directory '/home/adminuser/ws_moveit3/build/ur_e_description/CMakeFiles/CMakeTmp'
Building C object CMakeFiles/cmTC_0b72a.dir/CheckFunctionExists.c.o
/usr/bin/cc   -DCHECK_FUNCTION_EXISTS=pthread_create   -o CMakeFiles/cmTC_0b72a.dir/CheckFunctionExists.c.o   -c /usr/share/cmake-3.10/Modules/CheckFunctionExists.c
Linking C executable cmTC_0b72a
/usr/bin/cmake -E cmake_link_script CMakeFiles/cmTC_0b72a.dir/link.txt --verbose=1
/usr/bin/cc  -DCHECK_FUNCTION_EXISTS=pthread_create    -rdynamic CMakeFiles/cmTC_0b72a.dir/CheckFunctionExists.c.o  -o cmTC_0b72a -lpthreads 
/usr/bin/ld: cannot find -lpthreads
collect2: error: ld returned 1 exit status
CMakeFiles/cmTC_0b72a.dir/build.make:97: recipe for target 'cmTC_0b72a' failed
make[1]: *** [cmTC_0b72a] Error 1
make[1]: Leaving directory '/home/adminuser/ws_moveit3/build/ur_e_description/CMakeFiles/CMakeTmp'
Makefile:126: recipe for target 'cmTC_0b72a/fast' failed
make: *** [cmTC_0b72a/fast] Error 2


